<?xml version="1.0" encoding="UTF-8"?>
<!-- Generated by org.testng.reporters.JUnitReportReporter -->
<testsuite hostname="Rucs-MacBook-Pro.local" failures="0" tests="3" name="webdriver.Topic_01_Check_Environment" time="0.102" errors="0" timestamp="08 Jan 2023 13:09:51 GMT" skipped="0">
  <testcase classname="webdriver.Topic_01_Check_Environment" name="TC_01_ValidateCurrentUrl" time="0.011"/>
  <testcase classname="webdriver.Topic_01_Check_Environment" name="TC_02_ValidatePageTitle" time="0.009"/>
  <testcase classname="webdriver.Topic_01_Check_Environment" name="TC_03_LoginFormDisplayed" time="0.082"/>
</testsuite> <!-- webdriver.Topic_01_Check_Environment -->
